<?xml version="1.0" encoding="UTF-8"?>
<robot generator="Robot 6.1 (Python 3.10.6 on linux)" generated="20230822 11:44:31.732" rpa="false" schemaversion="4">
<suite id="s1" name="Tests" source="/home/latvavil/pienryhmien-optimointi/tests">
<suite id="s1-s1" name="Staging Testing" source="/home/latvavil/pienryhmien-optimointi/tests/staging_testing.robot">
<kw name="Open And Configure Browser S" type="SETUP">
<kw name="Open Browser" library="SeleniumLibrary">
<arg>browser=${BROWSER}</arg>
<doc>Opens a new browser instance to the optional ``url``.</doc>
<msg timestamp="20230822 11:44:32.026" level="INFO">Opening browser 'headlessfirefox' to base url 'None'.</msg>
<msg timestamp="20230822 11:44:32.065" level="INFO">Applicable driver not found; attempting to install with Selenium Manager (Beta)</msg>
<msg timestamp="20230822 11:44:32.863" level="INFO">Cannot capture screenshot because no browser is open.</msg>
<msg timestamp="20230822 11:44:32.863" level="FAIL">SessionNotCreatedException: Message: Expected browser binary location, but unable to find binary in default location, no 'moz:firefoxOptions.binary' capability provided, and no binary flag set on the command line
</msg>
<status status="FAIL" starttime="20230822 11:44:32.026" endtime="20230822 11:44:32.864"/>
</kw>
<kw name="Set Window Size" library="SeleniumLibrary">
<arg>1920</arg>
<arg>1080</arg>
<doc>Sets current windows size to given ``width`` and ``height``.</doc>
<status status="NOT RUN" starttime="20230822 11:44:32.864" endtime="20230822 11:44:32.864"/>
</kw>
<kw name="Set Selenium Speed" library="SeleniumLibrary">
<arg>${DELAY}</arg>
<doc>Sets the delay that is waited after each Selenium command.</doc>
<status status="NOT RUN" starttime="20230822 11:44:32.864" endtime="20230822 11:44:32.864"/>
</kw>
<status status="FAIL" starttime="20230822 11:44:32.025" endtime="20230822 11:44:32.864"/>
</kw>
<test id="s1-s1-t1" name="Login As Teacher" line="17">
<doc>Wait Until because AD login redirects, home url isn't opened instantly. Times out after 5s and fails if not opened</doc>
<status status="FAIL" starttime="20230822 11:44:32.865" endtime="20230822 11:44:32.865">Parent suite setup failed:
SessionNotCreatedException: Message: Expected browser binary location, but unable to find binary in default location, no 'moz:firefoxOptions.binary' capability provided, and no binary flag set on the command line
</status>
</test>
<test id="s1-s1-t2" name="Login As Student" line="29">
<doc>Wait Until because AD login redirects, home url isn't opened instantly. Times out after 5s and fails if not opened</doc>
<status status="FAIL" starttime="20230822 11:44:32.866" endtime="20230822 11:44:32.866">Parent suite setup failed:
SessionNotCreatedException: Message: Expected browser binary location, but unable to find binary in default location, no 'moz:firefoxOptions.binary' capability provided, and no binary flag set on the command line
</status>
</test>
<kw name="Close Browser" library="SeleniumLibrary" type="TEARDOWN">
<doc>Closes the current browser.</doc>
<status status="PASS" starttime="20230822 11:44:32.867" endtime="20230822 11:44:32.867"/>
</kw>
<doc>Testing</doc>
<status status="FAIL" starttime="20230822 11:44:31.765" endtime="20230822 11:44:32.867">Suite setup failed:
SessionNotCreatedException: Message: Expected browser binary location, but unable to find binary in default location, no 'moz:firefoxOptions.binary' capability provided, and no binary flag set on the command line
</status>
</suite>
<suite id="s1-s2" name="Survey Testing" source="/home/latvavil/pienryhmien-optimointi/tests/survey_testing.robot">
<kw name="Open And Configure Browser" library="resource" type="SETUP">
<kw name="Open Browser" library="SeleniumLibrary">
<arg>browser=${BROWSER}</arg>
<doc>Opens a new browser instance to the optional ``url``.</doc>
<msg timestamp="20230822 11:44:32.879" level="INFO">Opening browser 'headlessfirefox' to base url 'None'.</msg>
<msg timestamp="20230822 11:44:32.917" level="INFO">Applicable driver not found; attempting to install with Selenium Manager (Beta)</msg>
<msg timestamp="20230822 11:44:33.817" level="INFO">Cannot capture screenshot because no browser is open.</msg>
<msg timestamp="20230822 11:44:33.817" level="FAIL">SessionNotCreatedException: Message: Expected browser binary location, but unable to find binary in default location, no 'moz:firefoxOptions.binary' capability provided, and no binary flag set on the command line
</msg>
<status status="FAIL" starttime="20230822 11:44:32.878" endtime="20230822 11:44:33.818"/>
</kw>
<kw name="Set Window Size" library="SeleniumLibrary">
<arg>1920</arg>
<arg>1080</arg>
<doc>Sets current windows size to given ``width`` and ``height``.</doc>
<status status="NOT RUN" starttime="20230822 11:44:33.818" endtime="20230822 11:44:33.818"/>
</kw>
<kw name="Set Selenium Speed" library="SeleniumLibrary">
<arg>${DELAY}</arg>
<doc>Sets the delay that is waited after each Selenium command.</doc>
<status status="NOT RUN" starttime="20230822 11:44:33.818" endtime="20230822 11:44:33.818"/>
</kw>
<status status="FAIL" starttime="20230822 11:44:32.878" endtime="20230822 11:44:33.818"/>
</kw>
<test id="s1-s2-t1" name="Login As Teacher" line="16">
<status status="FAIL" starttime="20230822 11:44:33.818" endtime="20230822 11:44:33.818">Parent suite setup failed:
SessionNotCreatedException: Message: Expected browser binary location, but unable to find binary in default location, no 'moz:firefoxOptions.binary' capability provided, and no binary flag set on the command line
</status>
</test>
<test id="s1-s2-t2" name="Login As Student" line="27">
<status status="FAIL" starttime="20230822 11:44:33.819" endtime="20230822 11:44:33.819">Parent suite setup failed:
SessionNotCreatedException: Message: Expected browser binary location, but unable to find binary in default location, no 'moz:firefoxOptions.binary' capability provided, and no binary flag set on the command line
</status>
</test>
<kw name="Close Browser" library="SeleniumLibrary" type="TEARDOWN">
<doc>Closes the current browser.</doc>
<status status="PASS" starttime="20230822 11:44:33.820" endtime="20230822 11:44:33.820"/>
</kw>
<status status="FAIL" starttime="20230822 11:44:32.868" endtime="20230822 11:44:33.820">Suite setup failed:
SessionNotCreatedException: Message: Expected browser binary location, but unable to find binary in default location, no 'moz:firefoxOptions.binary' capability provided, and no binary flag set on the command line
</status>
</suite>
<status status="FAIL" starttime="20230822 11:44:31.733" endtime="20230822 11:44:33.821"/>
</suite>
<statistics>
<total>
<stat pass="0" fail="4" skip="0">All Tests</stat>
</total>
<tag>
</tag>
<suite>
<stat pass="0" fail="4" skip="0" id="s1" name="Tests">Tests</stat>
<stat pass="0" fail="2" skip="0" id="s1-s1" name="Staging Testing">Tests.Staging Testing</stat>
<stat pass="0" fail="2" skip="0" id="s1-s2" name="Survey Testing">Tests.Survey Testing</stat>
</suite>
</statistics>
<errors>
<msg timestamp="20230822 11:44:32.877" level="ERROR">Error in file '/home/latvavil/pienryhmien-optimointi/tests/survey_testing.robot' on line 5: Importing library 'robot.libraries.Dialogs' failed: ModuleNotFoundError: No module named 'tkinter'
Traceback (most recent call last):
  None
PYTHONPATH:
  /home/latvavil/.cache/pypoetry/virtualenvs/pienryhmien-optimointi-lI5jttGE-py3.10/bin
  /usr/lib/python310.zip
  /usr/lib/python3.10
  /usr/lib/python3.10/lib-dynload
  /home/latvavil/.cache/pypoetry/virtualenvs/pienryhmien-optimointi-lI5jttGE-py3.10/lib/python3.10/site-packages</msg>
</errors>
</robot>
